c:\users\z510\desktop\grk-cw7\release\vc141.pdb
c:\users\z510\desktop\grk-cw7\release\texture.obj
c:\users\z510\desktop\grk-cw7\release\shader_loader.obj
c:\users\z510\desktop\grk-cw7\release\render_utils.obj
c:\users\z510\desktop\grk-cw7\release\picopng.obj
c:\users\z510\desktop\grk-cw7\release\main_7_1.obj
c:\users\z510\desktop\grk-cw7\release\camera.obj
c:\users\z510\desktop\grk-cw7\release\grk-cw7.ipdb
c:\users\z510\desktop\grk-cw7\release\grk-cw7.iobj
c:\users\z510\desktop\grk-cw7\release\grk-cw7.exe
c:\users\z510\desktop\grk-cw7\release\grk-cw7.pdb
c:\users\marek\pictures\projekt grk\release\camera.obj
c:\users\marek\pictures\projekt grk\release\main_7_1.obj
c:\users\marek\pictures\projekt grk\release\picopng.obj
c:\users\marek\pictures\projekt grk\release\render_utils.obj
c:\users\marek\pictures\projekt grk\release\shader_loader.obj
c:\users\marek\pictures\projekt grk\release\texture.obj
c:\users\marek\pictures\projekt grk\release\grk-cw7.ipdb
c:\users\marek\pictures\projekt grk\release\grk-cw7.iobj
c:\users\marek\pictures\projekt grk\release\grk-cw7.pdb
c:\users\marek\pictures\projekt grk\release\vc141.pdb
c:\users\marek\pictures\projekt grk\release\grk-cw7.exe
c:\users\marek\pictures\projekt grk\release\grk-cw7.tlog\cl.command.1.tlog
c:\users\marek\pictures\projekt grk\release\grk-cw7.tlog\cl.read.1.tlog
c:\users\marek\pictures\projekt grk\release\grk-cw7.tlog\cl.write.1.tlog
c:\users\marek\pictures\projekt grk\release\grk-cw7.tlog\grk-cw7.write.1u.tlog
c:\users\marek\pictures\projekt grk\release\grk-cw7.tlog\link.command.1.tlog
c:\users\marek\pictures\projekt grk\release\grk-cw7.tlog\link.read.1.tlog
c:\users\marek\pictures\projekt grk\release\grk-cw7.tlog\link.write.1.tlog
